<?xml version="1.0" encoding="UTF-8"?>
<testsuite xmlns:xsi="http://www.w3.org/2001/XMLSchema-instance" xsi:noNamespaceSchemaLocation="https://maven.apache.org/surefire/maven-surefire-plugin/xsd/surefire-test-report-3.0.xsd" version="3.0" name="com.badmus.blog.BlogApplicationTests" time="17.272" tests="1" errors="0" skipped="0" failures="0">
  <properties>
[...]
</properties>
  <testcase name="contextLoads" classname="com.badmus.blog.BlogApplicationTests" time="1.644">
    <system-out><![CDATA[22:26:54.949 [main] INFO org.springframework.test.context.support.AnnotationConfigContextLoaderUtils -- Could not detect default configuration classes for test class [com.badmus.blog.BlogApplicationTests]: BlogApplicationTests does not declare any static, non-private, non-final, nested classes annotated with @Configuration.
22:26:55.241 [main] INFO org.springframework.boot.test.context.SpringBootTestContextBootstrapper -- Found @SpringBootConfiguration com.badmus.blog.BlogApplication for test class com.badmus.blog.BlogApplicationTests

  .   ____          _            __ _ _
 /\\ / ___'_ __ _ _(_)_ __  __ _ \ \ \ \
( ( )\___ | '_ | '_| | '_ \/ _` | \ \ \ \
 \\/  ___)| |_)| | | | | || (_| |  ) ) ) )
  '  |____| .__|_| |_|_| |_\__, | / / / /
 =========|_|==============|___/=/_/_/_/
 :: Spring Boot ::                (v3.1.4)

2023-11-17T22:26:56.411+01:00  INFO 25956 --- [           main] com.badmus.blog.BlogApplicationTests     : Starting BlogApplicationTests using Java 19 with PID 25956 (started by kasutaja in C:\Users\kasutaja\Projects\Live Projects\BackEnd\blog)
2023-11-17T22:26:56.414+01:00  INFO 25956 --- [           main] com.badmus.blog.BlogApplicationTests     : No active profile set, falling back to 1 default profile: "default"
2023-11-17T22:26:58.217+01:00  INFO 25956 --- [           main] .s.d.r.c.RepositoryConfigurationDelegate : Bootstrapping Spring Data JPA repositories in DEFAULT mode.
2023-11-17T22:26:58.377+01:00  INFO 25956 --- [           main] .s.d.r.c.RepositoryConfigurationDelegate : Finished Spring Data repository scanning in 138 ms. Found 1 JPA repository interfaces.
2023-11-17T22:26:59.452+01:00  INFO 25956 --- [           main] o.hibernate.jpa.internal.util.LogHelper  : HHH000204: Processing PersistenceUnitInfo [name: default]
2023-11-17T22:26:59.627+01:00  INFO 25956 --- [           main] org.hibernate.Version                    : HHH000412: Hibernate ORM core version 6.2.9.Final
2023-11-17T22:26:59.632+01:00  INFO 25956 --- [           main] org.hibernate.cfg.Environment            : HHH000406: Using bytecode reflection optimizer
2023-11-17T22:27:00.151+01:00  INFO 25956 --- [           main] o.h.b.i.BytecodeProviderInitiator        : HHH000021: Bytecode provider name : bytebuddy
2023-11-17T22:27:00.460+01:00  INFO 25956 --- [           main] o.s.o.j.p.SpringPersistenceUnitInfo      : No LoadTimeWeaver setup: ignoring JPA class transformer
2023-11-17T22:27:00.501+01:00  INFO 25956 --- [           main] com.zaxxer.hikari.HikariDataSource       : HikariPool-1 - Starting...
2023-11-17T22:27:03.185+01:00  INFO 25956 --- [           main] com.zaxxer.hikari.pool.HikariPool        : HikariPool-1 - Added connection org.postgresql.jdbc.PgConnection@8432469
2023-11-17T22:27:03.192+01:00  INFO 25956 --- [           main] com.zaxxer.hikari.HikariDataSource       : HikariPool-1 - Start completed.
2023-11-17T22:27:04.422+01:00  INFO 25956 --- [           main] o.h.b.i.BytecodeProviderInitiator        : HHH000021: Bytecode provider name : bytebuddy
2023-11-17T22:27:05.924+01:00  INFO 25956 --- [           main] o.h.e.t.j.p.i.JtaPlatformInitiator       : HHH000490: Using JtaPlatform implementation: [org.hibernate.engine.transaction.jta.platform.internal.NoJtaPlatform]
Hibernate: 
    create table blog (
        id bigint not null,
        date_created timestamp(6),
        description varchar(255),
        title varchar(255),
        unique_id varchar(255),
        url varchar(255),
        primary key (id)
    )
Hibernate: 
    create sequence blog_seq start with 1 increment by 50
2023-11-17T22:27:06.993+01:00  INFO 25956 --- [           main] j.LocalContainerEntityManagerFactoryBean : Initialized JPA EntityManagerFactory for persistence unit 'default'
2023-11-17T22:27:08.680+01:00  WARN 25956 --- [           main] JpaBaseConfiguration$JpaWebConfiguration : spring.jpa.open-in-view is enabled by default. Therefore, database queries may be performed during view rendering. Explicitly configure spring.jpa.open-in-view to disable this warning
2023-11-17T22:27:10.037+01:00  INFO 25956 --- [           main] com.badmus.blog.BlogApplicationTests     : Started BlogApplicationTests in 14.41 seconds (process running for 17.011)
]]></system-out>
  </testcase>
</testsuite>